[2022-04-12 22:13:14,018] DEBUG preRegister called. Server=com.sun.jmx.mbeanserver.JmxMBeanServer@66d3c617, name=log4j:logger=kafka.controller (kafka.controller)
[2022-04-12 22:13:51,218] INFO [ControllerEventThread controllerId=0] Starting (kafka.controller.ControllerEventManager$ControllerEventThread)
[2022-04-12 22:13:51,391] INFO [Controller id=0] 0 successfully elected as the controller. Epoch incremented to 1 and epoch zk version is now 1 (kafka.controller.KafkaController)
[2022-04-12 22:13:51,397] INFO [Controller id=0] Creating FeatureZNode at path: /feature with contents: FeatureZNode(Enabled,Features{}) (kafka.controller.KafkaController)
[2022-04-12 22:13:51,494] INFO [Controller id=0] Registering handlers (kafka.controller.KafkaController)
[2022-04-12 22:13:51,503] INFO [Controller id=0] Deleting log dir event notifications (kafka.controller.KafkaController)
[2022-04-12 22:13:51,507] INFO [Controller id=0] Deleting isr change notifications (kafka.controller.KafkaController)
[2022-04-12 22:13:51,513] INFO [Controller id=0] Initializing controller context (kafka.controller.KafkaController)
[2022-04-12 22:13:51,576] INFO [Controller id=0] Initialized broker epochs cache: Map(0 -> 25) (kafka.controller.KafkaController)
[2022-04-12 22:13:51,589] DEBUG [Controller id=0] Register BrokerModifications handler for Set(0) (kafka.controller.KafkaController)
[2022-04-12 22:13:51,611] DEBUG [Channel manager on controller 0]: Controller 0 trying to connect to broker 0 (kafka.controller.ControllerChannelManager)
[2022-04-12 22:13:51,649] INFO [Controller id=0] Currently active brokers in the cluster: Set(0) (kafka.controller.KafkaController)
[2022-04-12 22:13:51,649] INFO [Controller id=0] Currently shutting brokers in the cluster: Set() (kafka.controller.KafkaController)
[2022-04-12 22:13:51,650] INFO [Controller id=0] Current list of topics in the cluster: Set() (kafka.controller.KafkaController)
[2022-04-12 22:13:51,650] INFO [Controller id=0] Fetching topic deletions in progress (kafka.controller.KafkaController)
[2022-04-12 22:13:51,659] INFO [Controller id=0] List of topics to be deleted:  (kafka.controller.KafkaController)
[2022-04-12 22:13:51,660] INFO [Controller id=0] List of topics ineligible for deletion:  (kafka.controller.KafkaController)
[2022-04-12 22:13:51,660] INFO [Controller id=0] Initializing topic deletion manager (kafka.controller.KafkaController)
[2022-04-12 22:13:51,660] INFO [Topic Deletion Manager 0] Initializing manager with initial deletions: Set(), initial ineligible deletions: Set() (kafka.controller.TopicDeletionManager)
[2022-04-12 22:13:51,661] INFO [Controller id=0] Sending update metadata request (kafka.controller.KafkaController)
[2022-04-12 22:13:51,682] INFO [RequestSendThread controllerId=0] Starting (kafka.controller.RequestSendThread)
[2022-04-12 22:13:51,708] INFO [ReplicaStateMachine controllerId=0] Initializing replica state (kafka.controller.ZkReplicaStateMachine)
[2022-04-12 22:13:51,709] INFO [ReplicaStateMachine controllerId=0] Triggering online replica state changes (kafka.controller.ZkReplicaStateMachine)
[2022-04-12 22:13:51,711] INFO [ReplicaStateMachine controllerId=0] Triggering offline replica state changes (kafka.controller.ZkReplicaStateMachine)
[2022-04-12 22:13:51,712] DEBUG [ReplicaStateMachine controllerId=0] Started replica state machine with initial state -> Map() (kafka.controller.ZkReplicaStateMachine)
[2022-04-12 22:13:51,712] INFO [PartitionStateMachine controllerId=0] Initializing partition state (kafka.controller.ZkPartitionStateMachine)
[2022-04-12 22:13:51,712] INFO [PartitionStateMachine controllerId=0] Triggering online partition state changes (kafka.controller.ZkPartitionStateMachine)
[2022-04-12 22:13:51,715] DEBUG [PartitionStateMachine controllerId=0] Started partition state machine with initial state -> Map() (kafka.controller.ZkPartitionStateMachine)
[2022-04-12 22:13:51,716] INFO [Controller id=0] Ready to serve as the new controller with epoch 1 (kafka.controller.KafkaController)
[2022-04-12 22:13:51,747] INFO [Controller id=0] Partitions undergoing preferred replica election:  (kafka.controller.KafkaController)
[2022-04-12 22:13:51,747] INFO [Controller id=0] Partitions that completed preferred replica election:  (kafka.controller.KafkaController)
[2022-04-12 22:13:51,747] INFO [Controller id=0] Skipping preferred replica election for partitions due to topic deletion:  (kafka.controller.KafkaController)
[2022-04-12 22:13:51,748] INFO [Controller id=0] Resuming preferred replica election for partitions:  (kafka.controller.KafkaController)
[2022-04-12 22:13:51,749] INFO [Controller id=0] Starting replica leader election (PREFERRED) for partitions  triggered by ZkTriggered (kafka.controller.KafkaController)
[2022-04-12 22:13:51,795] INFO [RequestSendThread controllerId=0] Controller 0 connected to localhost:9092 (id: 0 rack: null) for sending state change requests (kafka.controller.RequestSendThread)
[2022-04-12 22:13:51,812] INFO [Controller id=0] Starting the controller scheduler (kafka.controller.KafkaController)
[2022-04-12 22:13:56,814] INFO [Controller id=0] Processing automatic preferred replica leader election (kafka.controller.KafkaController)
[2022-04-12 22:13:56,815] TRACE [Controller id=0] Checking need to trigger auto leader balancing (kafka.controller.KafkaController)
[2022-04-12 22:18:56,818] INFO [Controller id=0] Processing automatic preferred replica leader election (kafka.controller.KafkaController)
[2022-04-12 22:18:56,818] TRACE [Controller id=0] Checking need to trigger auto leader balancing (kafka.controller.KafkaController)
[2022-04-12 22:23:56,819] INFO [Controller id=0] Processing automatic preferred replica leader election (kafka.controller.KafkaController)
[2022-04-12 22:23:56,819] TRACE [Controller id=0] Checking need to trigger auto leader balancing (kafka.controller.KafkaController)
[2022-04-12 22:28:56,821] INFO [Controller id=0] Processing automatic preferred replica leader election (kafka.controller.KafkaController)
[2022-04-12 22:28:56,821] TRACE [Controller id=0] Checking need to trigger auto leader balancing (kafka.controller.KafkaController)
[2022-04-12 22:33:56,822] INFO [Controller id=0] Processing automatic preferred replica leader election (kafka.controller.KafkaController)
[2022-04-12 22:33:56,823] TRACE [Controller id=0] Checking need to trigger auto leader balancing (kafka.controller.KafkaController)
